2022-12-05 16:46:57.883413: I Loading parameters
2022-12-05 16:46:57.883477: I Parameter neighborhood set to -1
2022-12-05 16:46:57.883516: I Parameter l2_norm set to 363040.68917125004
2022-12-05 16:46:58.413426: I The similarity computation has taken: 0.5295102596282959
2022-12-05 16:47:03.631635: I Finished
2022-12-05 16:47:03.631746: I ******************************************
2022-12-05 16:47:03.639634: I Loading parameters
2022-12-05 16:47:03.639709: I Parameter neighborhood set to -1
2022-12-05 16:47:03.639749: I Parameter l2_norm set to 87913589.92844565
2022-12-05 16:47:04.210610: I The similarity computation has taken: 0.5702764987945557
2022-12-05 16:47:09.451935: I Finished
2022-12-05 16:47:09.452126: I ******************************************
2022-12-05 16:47:09.461400: I Loading parameters
2022-12-05 16:47:09.461459: I Parameter neighborhood set to -1
2022-12-05 16:47:09.461497: I Parameter l2_norm set to 88147842.94850993
2022-12-05 16:47:10.005096: I The similarity computation has taken: 0.5430552959442139
2022-12-05 16:47:15.231756: I Finished
2022-12-05 16:47:15.232020: I ******************************************
2022-12-05 16:47:15.245820: I Loading parameters
2022-12-05 16:47:15.245877: I Parameter neighborhood set to -1
2022-12-05 16:47:15.245936: I Parameter l2_norm set to 52710985.50356263
2022-12-05 16:47:15.786730: I The similarity computation has taken: 0.5403239727020264
2022-12-05 16:47:20.994490: I Finished
2022-12-05 16:47:20.994752: I ******************************************
2022-12-05 16:47:21.008534: I Loading parameters
2022-12-05 16:47:21.008592: I Parameter neighborhood set to -1
2022-12-05 16:47:21.008633: I Parameter l2_norm set to 63703406.77207234
2022-12-05 16:47:21.542832: I The similarity computation has taken: 0.5337543487548828
2022-12-05 16:47:26.799306: I Finished
2022-12-05 16:47:26.799618: I ******************************************
2022-12-05 16:47:26.807742: I Loading parameters
2022-12-05 16:47:26.807820: I Parameter neighborhood set to -1
2022-12-05 16:47:26.807936: I Parameter l2_norm set to 58336932.730490044
2022-12-05 16:47:27.387749: I The similarity computation has taken: 0.5793936252593994
2022-12-05 16:47:32.618636: I Finished
2022-12-05 16:47:32.618747: I ******************************************
2022-12-05 16:47:32.626617: I Loading parameters
2022-12-05 16:47:32.626812: I Parameter neighborhood set to -1
2022-12-05 16:47:32.626914: I Parameter l2_norm set to 51583216.03471855
2022-12-05 16:47:33.178063: I The similarity computation has taken: 0.5506138801574707
2022-12-05 16:47:38.388886: I Finished
2022-12-05 16:47:38.389114: I ******************************************
2022-12-05 16:47:38.398331: I Loading parameters
2022-12-05 16:47:38.398390: I Parameter neighborhood set to -1
2022-12-05 16:47:38.398432: I Parameter l2_norm set to 69211048.28602237
2022-12-05 16:47:38.940209: I The similarity computation has taken: 0.5413563251495361
2022-12-05 16:47:44.145078: I Finished
2022-12-05 16:47:44.145275: I ******************************************
2022-12-05 16:47:44.154158: I Loading parameters
2022-12-05 16:47:44.154216: I Parameter neighborhood set to -1
2022-12-05 16:47:44.154258: I Parameter l2_norm set to 28813848.146764033
2022-12-05 16:47:44.698235: I The similarity computation has taken: 0.5435936450958252
2022-12-05 16:47:49.901976: I Finished
2022-12-05 16:47:49.902364: I ******************************************
2022-12-05 16:47:49.912544: I Loading parameters
2022-12-05 16:47:49.912640: I Parameter neighborhood set to -1
2022-12-05 16:47:49.912734: I Parameter l2_norm set to 39778592.95533384
2022-12-05 16:47:50.448801: I The similarity computation has taken: 0.535574197769165
2022-12-05 16:47:55.687304: I Finished
2022-12-05 16:47:55.687496: I ******************************************
