2022-12-05 17:15:55.957603: I Loading parameters
2022-12-05 17:15:55.957710: I Parameter neighborhood set to -1
2022-12-05 17:15:55.957752: I Parameter l2_norm set to 363040.68917125004
2022-12-05 17:15:56.477024: I The similarity computation has taken: 0.5188958644866943
2022-12-05 17:16:01.695392: I Finished
2022-12-05 17:16:01.695695: I ******************************************
2022-12-05 17:16:01.703744: I Loading parameters
2022-12-05 17:16:01.703817: I Parameter neighborhood set to -1
2022-12-05 17:16:01.703857: I Parameter l2_norm set to 87913589.92844565
2022-12-05 17:16:02.219239: I The similarity computation has taken: 0.515023946762085
2022-12-05 17:16:07.438408: I Finished
2022-12-05 17:16:07.438602: I ******************************************
2022-12-05 17:16:07.445750: I Loading parameters
2022-12-05 17:16:07.445897: I Parameter neighborhood set to -1
2022-12-05 17:16:07.445948: I Parameter l2_norm set to 88147842.94850993
2022-12-05 17:16:07.956484: I The similarity computation has taken: 0.5099678039550781
2022-12-05 17:16:13.231619: I Finished
2022-12-05 17:16:13.231884: I ******************************************
2022-12-05 17:16:13.242198: I Loading parameters
2022-12-05 17:16:13.242373: I Parameter neighborhood set to -1
2022-12-05 17:16:13.242437: I Parameter l2_norm set to 52710985.50356263
2022-12-05 17:16:13.787998: I The similarity computation has taken: 0.545140266418457
2022-12-05 17:16:19.023236: I Finished
2022-12-05 17:16:19.023434: I ******************************************
2022-12-05 17:16:19.031344: I Loading parameters
2022-12-05 17:16:19.031498: I Parameter neighborhood set to -1
2022-12-05 17:16:19.031545: I Parameter l2_norm set to 63703406.77207234
2022-12-05 17:16:19.547318: I The similarity computation has taken: 0.5154054164886475
2022-12-05 17:16:24.783765: I Finished
2022-12-05 17:16:24.783955: I ******************************************
2022-12-05 17:16:24.791233: I Loading parameters
2022-12-05 17:16:24.791391: I Parameter neighborhood set to -1
2022-12-05 17:16:24.791447: I Parameter l2_norm set to 58336932.730490044
2022-12-05 17:16:25.335579: I The similarity computation has taken: 0.5436248779296875
2022-12-05 17:16:30.592697: I Finished
2022-12-05 17:16:30.592891: I ******************************************
2022-12-05 17:16:30.600921: I Loading parameters
2022-12-05 17:16:30.601079: I Parameter neighborhood set to -1
2022-12-05 17:16:30.601134: I Parameter l2_norm set to 51583216.03471855
2022-12-05 17:16:31.124914: I The similarity computation has taken: 0.5233204364776611
2022-12-05 17:16:36.344188: I Finished
2022-12-05 17:16:36.344380: I ******************************************
2022-12-05 17:16:36.352528: I Loading parameters
2022-12-05 17:16:36.352692: I Parameter neighborhood set to -1
2022-12-05 17:16:36.352747: I Parameter l2_norm set to 69211048.28602237
2022-12-05 17:16:36.870049: I The similarity computation has taken: 0.5168719291687012
2022-12-05 17:16:42.099859: I Finished
2022-12-05 17:16:42.100062: I ******************************************
2022-12-05 17:16:42.107810: I Loading parameters
2022-12-05 17:16:42.107968: I Parameter neighborhood set to -1
2022-12-05 17:16:42.108024: I Parameter l2_norm set to 28813848.146764033
2022-12-05 17:16:42.629577: I The similarity computation has taken: 0.5211405754089355
2022-12-05 17:16:47.864023: I Finished
2022-12-05 17:16:47.864344: I ******************************************
2022-12-05 17:16:47.872498: I Loading parameters
2022-12-05 17:16:47.872633: I Parameter neighborhood set to -1
2022-12-05 17:16:47.872676: I Parameter l2_norm set to 39778592.95533384
2022-12-05 17:16:48.392501: I The similarity computation has taken: 0.519486665725708
2022-12-05 17:16:53.627684: I Finished
2022-12-05 17:16:53.627867: I ******************************************
