2022-12-05 18:07:01.507760: I Loading parameters
2022-12-05 18:07:01.507825: I Parameter neighborhood set to -1
2022-12-05 18:07:01.507866: I Parameter l2_norm set to 363040.68917125004
2022-12-05 18:07:02.061746: I The similarity computation has taken: 0.5535392761230469
2022-12-05 18:07:07.542851: I Finished
2022-12-05 18:07:07.543098: I ******************************************
2022-12-05 18:07:07.551585: I Loading parameters
2022-12-05 18:07:07.551644: I Parameter neighborhood set to -1
2022-12-05 18:07:07.551683: I Parameter l2_norm set to 87913589.92844565
2022-12-05 18:07:08.125923: I The similarity computation has taken: 0.5739259719848633
2022-12-05 18:07:13.396135: I Finished
2022-12-05 18:07:13.396327: I ******************************************
2022-12-05 18:07:13.404818: I Loading parameters
2022-12-05 18:07:13.404892: I Parameter neighborhood set to -1
2022-12-05 18:07:13.404931: I Parameter l2_norm set to 88147842.94850993
2022-12-05 18:07:13.965022: I The similarity computation has taken: 0.5596146583557129
2022-12-05 18:07:19.239723: I Finished
2022-12-05 18:07:19.239921: I ******************************************
2022-12-05 18:07:19.248117: I Loading parameters
2022-12-05 18:07:19.248410: I Parameter neighborhood set to -1
2022-12-05 18:07:19.248463: I Parameter l2_norm set to 52710985.50356263
2022-12-05 18:07:19.803588: I The similarity computation has taken: 0.5547709465026855
2022-12-05 18:07:25.110922: I Finished
2022-12-05 18:07:25.111133: I ******************************************
2022-12-05 18:07:25.120205: I Loading parameters
2022-12-05 18:07:25.120281: I Parameter neighborhood set to -1
2022-12-05 18:07:25.120321: I Parameter l2_norm set to 63703406.77207234
2022-12-05 18:07:25.670563: I The similarity computation has taken: 0.5497708320617676
2022-12-05 18:07:30.930468: I Finished
2022-12-05 18:07:30.930679: I ******************************************
2022-12-05 18:07:30.939134: I Loading parameters
2022-12-05 18:07:30.939210: I Parameter neighborhood set to -1
2022-12-05 18:07:30.939252: I Parameter l2_norm set to 58336932.730490044
2022-12-05 18:07:31.479115: I The similarity computation has taken: 0.539348840713501
2022-12-05 18:07:36.741671: I Finished
2022-12-05 18:07:36.741958: I ******************************************
2022-12-05 18:07:36.750674: I Loading parameters
2022-12-05 18:07:36.750830: I Parameter neighborhood set to -1
2022-12-05 18:07:36.750876: I Parameter l2_norm set to 51583216.03471855
2022-12-05 18:07:37.303202: I The similarity computation has taken: 0.5519044399261475
2022-12-05 18:07:42.583549: I Finished
2022-12-05 18:07:42.583750: I ******************************************
2022-12-05 18:07:42.592182: I Loading parameters
2022-12-05 18:07:42.592343: I Parameter neighborhood set to -1
2022-12-05 18:07:42.592400: I Parameter l2_norm set to 69211048.28602237
2022-12-05 18:07:43.132918: I The similarity computation has taken: 0.5400300025939941
2022-12-05 18:07:48.415942: I Finished
2022-12-05 18:07:48.416161: I ******************************************
2022-12-05 18:07:48.423744: I Loading parameters
2022-12-05 18:07:48.423825: I Parameter neighborhood set to -1
2022-12-05 18:07:48.423869: I Parameter l2_norm set to 28813848.146764033
2022-12-05 18:07:48.962522: I The similarity computation has taken: 0.5382452011108398
2022-12-05 18:07:54.220820: I Finished
2022-12-05 18:07:54.221123: I ******************************************
2022-12-05 18:07:54.229969: I Loading parameters
2022-12-05 18:07:54.230101: I Parameter neighborhood set to -1
2022-12-05 18:07:54.230145: I Parameter l2_norm set to 39778592.95533384
2022-12-05 18:07:54.766568: I The similarity computation has taken: 0.536013126373291
2022-12-05 18:08:00.044701: I Finished
2022-12-05 18:08:00.044864: I ******************************************
