2022-12-05 18:17:58.712345: I Loading parameters
2022-12-05 18:17:58.712450: I Parameter neighborhood set to -1
2022-12-05 18:17:58.712531: I Parameter l2_norm set to 363040.68917125004
2022-12-05 18:17:59.331549: I The similarity computation has taken: 0.6186966896057129
2022-12-05 18:18:05.024842: I Finished
2022-12-05 18:18:05.024993: I ******************************************
2022-12-05 18:18:05.031872: I Loading parameters
2022-12-05 18:18:05.031976: I Parameter neighborhood set to -1
2022-12-05 18:18:05.032080: I Parameter l2_norm set to 87913589.92844565
2022-12-05 18:18:05.621924: I The similarity computation has taken: 0.5895090103149414
2022-12-05 18:18:11.232665: I Finished
2022-12-05 18:18:11.232848: I ******************************************
2022-12-05 18:18:11.242239: I Loading parameters
2022-12-05 18:18:11.242345: I Parameter neighborhood set to -1
2022-12-05 18:18:11.242457: I Parameter l2_norm set to 88147842.94850993
2022-12-05 18:18:11.783584: I The similarity computation has taken: 0.5407872200012207
2022-12-05 18:18:17.342630: I Finished
2022-12-05 18:18:17.342738: I ******************************************
2022-12-05 18:18:17.350841: I Loading parameters
2022-12-05 18:18:17.350917: I Parameter neighborhood set to -1
2022-12-05 18:18:17.350955: I Parameter l2_norm set to 52710985.50356263
2022-12-05 18:18:17.891936: I The similarity computation has taken: 0.5403823852539062
2022-12-05 18:18:23.615485: I Finished
2022-12-05 18:18:23.615680: I ******************************************
2022-12-05 18:18:23.625860: I Loading parameters
2022-12-05 18:18:23.625932: I Parameter neighborhood set to -1
2022-12-05 18:18:23.625971: I Parameter l2_norm set to 63703406.77207234
2022-12-05 18:18:24.174408: I The similarity computation has taken: 0.5481810569763184
2022-12-05 18:18:29.696793: I Finished
2022-12-05 18:18:29.696990: I ******************************************
2022-12-05 18:18:29.706114: I Loading parameters
2022-12-05 18:18:29.706253: I Parameter neighborhood set to -1
2022-12-05 18:18:29.706356: I Parameter l2_norm set to 58336932.730490044
2022-12-05 18:18:30.305800: I The similarity computation has taken: 0.599210262298584
2022-12-05 18:18:36.762345: I Finished
2022-12-05 18:18:36.762512: I ******************************************
2022-12-05 18:18:36.777666: I Loading parameters
2022-12-05 18:18:36.777865: I Parameter neighborhood set to -1
2022-12-05 18:18:36.777951: I Parameter l2_norm set to 51583216.03471855
2022-12-05 18:18:37.590280: I The similarity computation has taken: 0.8118455410003662
2022-12-05 18:18:43.997845: I Finished
2022-12-05 18:18:43.998025: I ******************************************
2022-12-05 18:18:44.008298: I Loading parameters
2022-12-05 18:18:44.008680: I Parameter neighborhood set to -1
2022-12-05 18:18:44.008926: I Parameter l2_norm set to 69211048.28602237
2022-12-05 18:18:44.719299: I The similarity computation has taken: 0.7098641395568848
2022-12-05 18:18:50.593485: I Finished
2022-12-05 18:18:50.593678: I ******************************************
2022-12-05 18:18:50.602640: I Loading parameters
2022-12-05 18:18:50.602784: I Parameter neighborhood set to -1
2022-12-05 18:18:50.602877: I Parameter l2_norm set to 28813848.146764033
2022-12-05 18:18:51.281999: I The similarity computation has taken: 0.6787629127502441
2022-12-05 18:18:57.272407: I Finished
2022-12-05 18:18:57.272553: I ******************************************
2022-12-05 18:18:57.281009: I Loading parameters
2022-12-05 18:18:57.281116: I Parameter neighborhood set to -1
2022-12-05 18:18:57.281224: I Parameter l2_norm set to 39778592.95533384
2022-12-05 18:18:57.843470: I The similarity computation has taken: 0.5617706775665283
2022-12-05 18:19:04.549836: I Finished
2022-12-05 18:19:04.550049: I ******************************************
