2022-12-05 17:26:27.096402: I Loading parameters
2022-12-05 17:26:27.096592: I Parameter neighborhood set to -1
2022-12-05 17:26:27.096664: I Parameter l2_norm set to 363040.68917125004
2022-12-05 17:26:27.620939: I The similarity computation has taken: 0.5238077640533447
2022-12-05 17:26:32.893899: I Finished
2022-12-05 17:26:32.894084: I ******************************************
2022-12-05 17:26:32.901367: I Loading parameters
2022-12-05 17:26:32.901443: I Parameter neighborhood set to -1
2022-12-05 17:26:32.901481: I Parameter l2_norm set to 87913589.92844565
2022-12-05 17:26:33.419664: I The similarity computation has taken: 0.5177195072174072
2022-12-05 17:26:38.712132: I Finished
2022-12-05 17:26:38.712312: I ******************************************
2022-12-05 17:26:38.719723: I Loading parameters
2022-12-05 17:26:38.719776: I Parameter neighborhood set to -1
2022-12-05 17:26:38.719815: I Parameter l2_norm set to 88147842.94850993
2022-12-05 17:26:39.251948: I The similarity computation has taken: 0.5316872596740723
2022-12-05 17:26:44.508811: I Finished
2022-12-05 17:26:44.509241: I ******************************************
2022-12-05 17:26:44.517118: I Loading parameters
2022-12-05 17:26:44.517195: I Parameter neighborhood set to -1
2022-12-05 17:26:44.517236: I Parameter l2_norm set to 52710985.50356263
2022-12-05 17:26:45.034861: I The similarity computation has taken: 0.5172936916351318
2022-12-05 17:26:50.294564: I Finished
2022-12-05 17:26:50.294765: I ******************************************
2022-12-05 17:26:50.302560: I Loading parameters
2022-12-05 17:26:50.302637: I Parameter neighborhood set to -1
2022-12-05 17:26:50.302680: I Parameter l2_norm set to 63703406.77207234
2022-12-05 17:26:50.822817: I The similarity computation has taken: 0.5197196006774902
2022-12-05 17:26:56.055431: I Finished
2022-12-05 17:26:56.055544: I ******************************************
2022-12-05 17:26:56.062740: I Loading parameters
2022-12-05 17:26:56.062822: I Parameter neighborhood set to -1
2022-12-05 17:26:56.062865: I Parameter l2_norm set to 58336932.730490044
2022-12-05 17:26:56.573745: I The similarity computation has taken: 0.5102674961090088
2022-12-05 17:27:01.806530: I Finished
2022-12-05 17:27:01.806773: I ******************************************
2022-12-05 17:27:01.814877: I Loading parameters
2022-12-05 17:27:01.815015: I Parameter neighborhood set to -1
2022-12-05 17:27:01.815072: I Parameter l2_norm set to 51583216.03471855
2022-12-05 17:27:02.318587: I The similarity computation has taken: 0.5030457973480225
2022-12-05 17:27:07.535990: I Finished
2022-12-05 17:27:07.536172: I ******************************************
2022-12-05 17:27:07.543755: I Loading parameters
2022-12-05 17:27:07.543835: I Parameter neighborhood set to -1
2022-12-05 17:27:07.543876: I Parameter l2_norm set to 69211048.28602237
2022-12-05 17:27:08.068882: I The similarity computation has taken: 0.5244567394256592
2022-12-05 17:27:13.333959: I Finished
2022-12-05 17:27:13.334144: I ******************************************
2022-12-05 17:27:13.341743: I Loading parameters
2022-12-05 17:27:13.341824: I Parameter neighborhood set to -1
2022-12-05 17:27:13.341865: I Parameter l2_norm set to 28813848.146764033
2022-12-05 17:27:13.855675: I The similarity computation has taken: 0.5134177207946777
2022-12-05 17:27:19.150747: I Finished
2022-12-05 17:27:19.150853: I ******************************************
2022-12-05 17:27:19.158614: I Loading parameters
2022-12-05 17:27:19.158761: I Parameter neighborhood set to -1
2022-12-05 17:27:19.158805: I Parameter l2_norm set to 39778592.95533384
2022-12-05 17:27:19.673549: I The similarity computation has taken: 0.5143349170684814
2022-12-05 17:27:24.996093: I Finished
2022-12-05 17:27:24.996277: I ******************************************
