2022-12-05 16:05:59.983741: I Loading parameters
2022-12-05 16:05:59.983804: I Parameter neighborhood set to -1
2022-12-05 16:05:59.983843: I Parameter l2_norm set to 363040.68917125004
2022-12-05 16:06:00.525065: I The similarity computation has taken: 0.5408580303192139
2022-12-05 16:06:06.029286: I Finished
2022-12-05 16:06:06.029442: I ******************************************
2022-12-05 16:06:06.037174: I Loading parameters
2022-12-05 16:06:06.037294: I Parameter neighborhood set to -1
2022-12-05 16:06:06.037377: I Parameter l2_norm set to 87913589.92844565
2022-12-05 16:06:06.554889: I The similarity computation has taken: 0.5170242786407471
2022-12-05 16:06:12.009171: I Finished
2022-12-05 16:06:12.009374: I ******************************************
2022-12-05 16:06:12.017165: I Loading parameters
2022-12-05 16:06:12.017417: I Parameter neighborhood set to -1
2022-12-05 16:06:12.017485: I Parameter l2_norm set to 88147842.94850993
2022-12-05 16:06:12.532824: I The similarity computation has taken: 0.5149180889129639
2022-12-05 16:06:17.944944: I Finished
2022-12-05 16:06:17.945048: I ******************************************
2022-12-05 16:06:17.952191: I Loading parameters
2022-12-05 16:06:17.952266: I Parameter neighborhood set to -1
2022-12-05 16:06:17.952304: I Parameter l2_norm set to 52710985.50356263
2022-12-05 16:06:18.498847: I The similarity computation has taken: 0.5461549758911133
2022-12-05 16:06:24.006733: I Finished
2022-12-05 16:06:24.006911: I ******************************************
2022-12-05 16:06:24.015863: I Loading parameters
2022-12-05 16:06:24.015948: I Parameter neighborhood set to -1
2022-12-05 16:06:24.015994: I Parameter l2_norm set to 63703406.77207234
2022-12-05 16:06:24.532016: I The similarity computation has taken: 0.5155456066131592
2022-12-05 16:06:30.022371: I Finished
2022-12-05 16:06:30.022701: I ******************************************
2022-12-05 16:06:30.030234: I Loading parameters
2022-12-05 16:06:30.030314: I Parameter neighborhood set to -1
2022-12-05 16:06:30.030358: I Parameter l2_norm set to 58336932.730490044
2022-12-05 16:06:30.585462: I The similarity computation has taken: 0.5546789169311523
2022-12-05 16:06:36.028046: I Finished
2022-12-05 16:06:36.028318: I ******************************************
2022-12-05 16:06:36.035972: I Loading parameters
2022-12-05 16:06:36.036124: I Parameter neighborhood set to -1
2022-12-05 16:06:36.036179: I Parameter l2_norm set to 51583216.03471855
2022-12-05 16:06:36.544119: I The similarity computation has taken: 0.507591724395752
2022-12-05 16:06:42.082300: I Finished
2022-12-05 16:06:42.082484: I ******************************************
2022-12-05 16:06:42.089759: I Loading parameters
2022-12-05 16:06:42.089966: I Parameter neighborhood set to -1
2022-12-05 16:06:42.090144: I Parameter l2_norm set to 69211048.28602237
2022-12-05 16:06:42.580225: I The similarity computation has taken: 0.48961663246154785
2022-12-05 16:06:47.987264: I Finished
2022-12-05 16:06:47.987457: I ******************************************
2022-12-05 16:06:47.996464: I Loading parameters
2022-12-05 16:06:47.996525: I Parameter neighborhood set to -1
2022-12-05 16:06:47.996567: I Parameter l2_norm set to 28813848.146764033
2022-12-05 16:06:48.504167: I The similarity computation has taken: 0.5071310997009277
2022-12-05 16:06:53.959837: I Finished
2022-12-05 16:06:53.960017: I ******************************************
2022-12-05 16:06:53.967162: I Loading parameters
2022-12-05 16:06:53.967240: I Parameter neighborhood set to -1
2022-12-05 16:06:53.967280: I Parameter l2_norm set to 39778592.95533384
2022-12-05 16:06:54.448561: I The similarity computation has taken: 0.4808616638183594
2022-12-05 16:06:59.911929: I Finished
2022-12-05 16:06:59.912080: I ******************************************
