2022-12-05 17:14:57.167212: I Loading parameters
2022-12-05 17:14:57.167273: I Parameter neighbors set to 509
2022-12-05 17:14:57.167310: I Parameter similarity set to cosine
2022-12-05 17:14:57.167342: I Parameter implementation set to aiolli
2022-12-05 17:14:57.167373: I Parameter implicit set to False
2022-12-05 17:14:57.167404: I Parameter shrink set to 0
2022-12-05 17:14:57.167474: I Parameter normalize set to True
2022-12-05 17:14:57.167555: I Parameter asymmetric_alpha set to False
2022-12-05 17:14:57.167623: I Parameter tversky_alpha set to False
2022-12-05 17:14:57.167688: I Parameter tversky_beta set to False
2022-12-05 17:14:57.167753: I Parameter row_weights set to None
2022-12-05 17:15:02.868041: I Finished
2022-12-05 17:15:02.868152: I ******************************************
2022-12-05 17:15:02.873840: I Loading parameters
2022-12-05 17:15:02.873916: I Parameter neighbors set to 469
2022-12-05 17:15:02.873952: I Parameter similarity set to cosine
2022-12-05 17:15:02.873985: I Parameter implementation set to aiolli
2022-12-05 17:15:02.874235: I Parameter implicit set to False
2022-12-05 17:15:02.874316: I Parameter shrink set to 0
2022-12-05 17:15:02.874385: I Parameter normalize set to True
2022-12-05 17:15:02.874450: I Parameter asymmetric_alpha set to False
2022-12-05 17:15:02.874515: I Parameter tversky_alpha set to False
2022-12-05 17:15:02.874578: I Parameter tversky_beta set to False
2022-12-05 17:15:02.874640: I Parameter row_weights set to None
2022-12-05 17:15:08.728140: I Finished
2022-12-05 17:15:08.728330: I ******************************************
2022-12-05 17:15:08.734756: I Loading parameters
2022-12-05 17:15:08.734902: I Parameter neighbors set to 853
2022-12-05 17:15:08.734945: I Parameter similarity set to cosine
2022-12-05 17:15:08.735034: I Parameter implementation set to aiolli
2022-12-05 17:15:08.735111: I Parameter implicit set to False
2022-12-05 17:15:08.735173: I Parameter shrink set to 0
2022-12-05 17:15:08.735217: I Parameter normalize set to True
2022-12-05 17:15:08.735250: I Parameter asymmetric_alpha set to False
2022-12-05 17:15:08.735309: I Parameter tversky_alpha set to False
2022-12-05 17:15:08.735434: I Parameter tversky_beta set to False
2022-12-05 17:15:08.735532: I Parameter row_weights set to None
2022-12-05 17:15:14.593810: I Finished
2022-12-05 17:15:14.594002: I ******************************************
2022-12-05 17:15:14.600144: I Loading parameters
2022-12-05 17:15:14.600304: I Parameter neighbors set to 500
2022-12-05 17:15:14.600362: I Parameter similarity set to cosine
2022-12-05 17:15:14.600401: I Parameter implementation set to aiolli
2022-12-05 17:15:14.600437: I Parameter implicit set to False
2022-12-05 17:15:14.600644: I Parameter shrink set to 0
2022-12-05 17:15:14.600788: I Parameter normalize set to True
2022-12-05 17:15:14.600864: I Parameter asymmetric_alpha set to False
2022-12-05 17:15:14.600932: I Parameter tversky_alpha set to False
2022-12-05 17:15:14.601007: I Parameter tversky_beta set to False
2022-12-05 17:15:14.601075: I Parameter row_weights set to None
2022-12-05 17:15:20.475399: I Finished
2022-12-05 17:15:20.475560: I ******************************************
2022-12-05 17:15:20.481566: I Loading parameters
2022-12-05 17:15:20.481639: I Parameter neighbors set to 831
2022-12-05 17:15:20.481676: I Parameter similarity set to cosine
2022-12-05 17:15:20.481708: I Parameter implementation set to aiolli
2022-12-05 17:15:20.481782: I Parameter implicit set to False
2022-12-05 17:15:20.481866: I Parameter shrink set to 0
2022-12-05 17:15:20.481935: I Parameter normalize set to True
2022-12-05 17:15:20.482000: I Parameter asymmetric_alpha set to False
2022-12-05 17:15:20.482065: I Parameter tversky_alpha set to False
2022-12-05 17:15:20.482128: I Parameter tversky_beta set to False
2022-12-05 17:15:20.482190: I Parameter row_weights set to None
2022-12-05 17:15:26.374294: I Finished
2022-12-05 17:15:26.374491: I ******************************************
2022-12-05 17:15:26.380972: I Loading parameters
2022-12-05 17:15:26.381043: I Parameter neighbors set to 819
2022-12-05 17:15:26.381227: I Parameter similarity set to cosine
2022-12-05 17:15:26.381421: I Parameter implementation set to aiolli
2022-12-05 17:15:26.381498: I Parameter implicit set to False
2022-12-05 17:15:26.381566: I Parameter shrink set to 0
2022-12-05 17:15:26.381631: I Parameter normalize set to True
2022-12-05 17:15:26.381699: I Parameter asymmetric_alpha set to False
2022-12-05 17:15:26.381762: I Parameter tversky_alpha set to False
2022-12-05 17:15:26.381824: I Parameter tversky_beta set to False
2022-12-05 17:15:26.381897: I Parameter row_weights set to None
2022-12-05 17:15:32.282984: I Finished
2022-12-05 17:15:32.283200: I ******************************************
2022-12-05 17:15:32.290028: I Loading parameters
2022-12-05 17:15:32.290102: I Parameter neighbors set to 760
2022-12-05 17:15:32.290141: I Parameter similarity set to cosine
2022-12-05 17:15:32.290176: I Parameter implementation set to aiolli
2022-12-05 17:15:32.290210: I Parameter implicit set to False
2022-12-05 17:15:32.290453: I Parameter shrink set to 0
2022-12-05 17:15:32.290535: I Parameter normalize set to True
2022-12-05 17:15:32.290604: I Parameter asymmetric_alpha set to False
2022-12-05 17:15:32.290670: I Parameter tversky_alpha set to False
2022-12-05 17:15:32.290733: I Parameter tversky_beta set to False
2022-12-05 17:15:32.290796: I Parameter row_weights set to None
2022-12-05 17:15:38.228247: I Finished
2022-12-05 17:15:38.228458: I ******************************************
2022-12-05 17:15:38.235368: I Loading parameters
2022-12-05 17:15:38.235443: I Parameter neighbors set to 655
2022-12-05 17:15:38.235483: I Parameter similarity set to cosine
2022-12-05 17:15:38.235517: I Parameter implementation set to aiolli
2022-12-05 17:15:38.235551: I Parameter implicit set to False
2022-12-05 17:15:38.235583: I Parameter shrink set to 0
2022-12-05 17:15:38.235808: I Parameter normalize set to True
2022-12-05 17:15:38.235892: I Parameter asymmetric_alpha set to False
2022-12-05 17:15:38.235961: I Parameter tversky_alpha set to False
2022-12-05 17:15:38.236035: I Parameter tversky_beta set to False
2022-12-05 17:15:38.236099: I Parameter row_weights set to None
2022-12-05 17:15:44.130601: I Finished
2022-12-05 17:15:44.130790: I ******************************************
2022-12-05 17:15:44.137711: I Loading parameters
2022-12-05 17:15:44.137786: I Parameter neighbors set to 589
2022-12-05 17:15:44.137824: I Parameter similarity set to cosine
2022-12-05 17:15:44.137858: I Parameter implementation set to aiolli
2022-12-05 17:15:44.137892: I Parameter implicit set to False
2022-12-05 17:15:44.138110: I Parameter shrink set to 0
2022-12-05 17:15:44.138192: I Parameter normalize set to True
2022-12-05 17:15:44.138262: I Parameter asymmetric_alpha set to False
2022-12-05 17:15:44.138328: I Parameter tversky_alpha set to False
2022-12-05 17:15:44.138392: I Parameter tversky_beta set to False
2022-12-05 17:15:44.138455: I Parameter row_weights set to None
2022-12-05 17:15:50.026394: I Finished
2022-12-05 17:15:50.026586: I ******************************************
2022-12-05 17:15:50.033262: I Loading parameters
2022-12-05 17:15:50.033335: I Parameter neighbors set to 959
2022-12-05 17:15:50.033375: I Parameter similarity set to cosine
2022-12-05 17:15:50.033409: I Parameter implementation set to aiolli
2022-12-05 17:15:50.033443: I Parameter implicit set to False
2022-12-05 17:15:50.033618: I Parameter shrink set to 0
2022-12-05 17:15:50.033837: I Parameter normalize set to True
2022-12-05 17:15:50.033935: I Parameter asymmetric_alpha set to False
2022-12-05 17:15:50.034034: I Parameter tversky_alpha set to False
2022-12-05 17:15:50.034099: I Parameter tversky_beta set to False
2022-12-05 17:15:50.034184: I Parameter row_weights set to None
2022-12-05 17:15:55.949627: I Finished
2022-12-05 17:15:55.949899: I ******************************************
