2022-12-05 17:25:28.170974: I Loading parameters
2022-12-05 17:25:28.171123: I Parameter neighbors set to 509
2022-12-05 17:25:28.171163: I Parameter similarity set to cosine
2022-12-05 17:25:28.171196: I Parameter implementation set to aiolli
2022-12-05 17:25:28.171229: I Parameter implicit set to False
2022-12-05 17:25:28.171297: I Parameter shrink set to 0
2022-12-05 17:25:28.171374: I Parameter normalize set to True
2022-12-05 17:25:28.171442: I Parameter asymmetric_alpha set to False
2022-12-05 17:25:28.171507: I Parameter tversky_alpha set to False
2022-12-05 17:25:28.171571: I Parameter tversky_beta set to False
2022-12-05 17:25:28.171634: I Parameter row_weights set to None
2022-12-05 17:25:33.942483: I Finished
2022-12-05 17:25:33.942749: I ******************************************
2022-12-05 17:25:33.951358: I Loading parameters
2022-12-05 17:25:33.951525: I Parameter neighbors set to 469
2022-12-05 17:25:33.951582: I Parameter similarity set to cosine
2022-12-05 17:25:33.951624: I Parameter implementation set to aiolli
2022-12-05 17:25:33.951663: I Parameter implicit set to False
2022-12-05 17:25:33.951699: I Parameter shrink set to 0
2022-12-05 17:25:33.951733: I Parameter normalize set to True
2022-12-05 17:25:33.951767: I Parameter asymmetric_alpha set to False
2022-12-05 17:25:33.951962: I Parameter tversky_alpha set to False
2022-12-05 17:25:33.952057: I Parameter tversky_beta set to False
2022-12-05 17:25:33.952137: I Parameter row_weights set to None
2022-12-05 17:25:39.811267: I Finished
2022-12-05 17:25:39.811459: I ******************************************
2022-12-05 17:25:39.817653: I Loading parameters
2022-12-05 17:25:39.817719: I Parameter neighbors set to 853
2022-12-05 17:25:39.817756: I Parameter similarity set to cosine
2022-12-05 17:25:39.817788: I Parameter implementation set to aiolli
2022-12-05 17:25:39.817950: I Parameter implicit set to False
2022-12-05 17:25:39.818124: I Parameter shrink set to 0
2022-12-05 17:25:39.818202: I Parameter normalize set to True
2022-12-05 17:25:39.818269: I Parameter asymmetric_alpha set to False
2022-12-05 17:25:39.818334: I Parameter tversky_alpha set to False
2022-12-05 17:25:39.818398: I Parameter tversky_beta set to False
2022-12-05 17:25:39.818462: I Parameter row_weights set to None
2022-12-05 17:25:45.713415: I Finished
2022-12-05 17:25:45.713607: I ******************************************
2022-12-05 17:25:45.719436: I Loading parameters
2022-12-05 17:25:45.719508: I Parameter neighbors set to 500
2022-12-05 17:25:45.719548: I Parameter similarity set to cosine
2022-12-05 17:25:45.719582: I Parameter implementation set to aiolli
2022-12-05 17:25:45.719617: I Parameter implicit set to False
2022-12-05 17:25:45.719649: I Parameter shrink set to 0
2022-12-05 17:25:45.719681: I Parameter normalize set to True
2022-12-05 17:25:45.719712: I Parameter asymmetric_alpha set to False
2022-12-05 17:25:45.719922: I Parameter tversky_alpha set to False
2022-12-05 17:25:45.720003: I Parameter tversky_beta set to False
2022-12-05 17:25:45.720071: I Parameter row_weights set to None
2022-12-05 17:25:51.600963: I Finished
2022-12-05 17:25:51.601065: I ******************************************
2022-12-05 17:25:51.606341: I Loading parameters
2022-12-05 17:25:51.606414: I Parameter neighbors set to 831
2022-12-05 17:25:51.606451: I Parameter similarity set to cosine
2022-12-05 17:25:51.606482: I Parameter implementation set to aiolli
2022-12-05 17:25:51.606726: I Parameter implicit set to False
2022-12-05 17:25:51.606807: I Parameter shrink set to 0
2022-12-05 17:25:51.606875: I Parameter normalize set to True
2022-12-05 17:25:51.606939: I Parameter asymmetric_alpha set to False
2022-12-05 17:25:51.607002: I Parameter tversky_alpha set to False
2022-12-05 17:25:51.607123: I Parameter tversky_beta set to False
2022-12-05 17:25:51.607188: I Parameter row_weights set to None
2022-12-05 17:25:57.504626: I Finished
2022-12-05 17:25:57.504787: I ******************************************
2022-12-05 17:25:57.510431: I Loading parameters
2022-12-05 17:25:57.510551: I Parameter neighbors set to 819
2022-12-05 17:25:57.510603: I Parameter similarity set to cosine
2022-12-05 17:25:57.510700: I Parameter implementation set to aiolli
2022-12-05 17:25:57.510779: I Parameter implicit set to False
2022-12-05 17:25:57.510845: I Parameter shrink set to 0
2022-12-05 17:25:57.510909: I Parameter normalize set to True
2022-12-05 17:25:57.510983: I Parameter asymmetric_alpha set to False
2022-12-05 17:25:57.511083: I Parameter tversky_alpha set to False
2022-12-05 17:25:57.511135: I Parameter tversky_beta set to False
2022-12-05 17:25:57.511185: I Parameter row_weights set to None
2022-12-05 17:26:03.397764: I Finished
2022-12-05 17:26:03.397955: I ******************************************
2022-12-05 17:26:03.403756: I Loading parameters
2022-12-05 17:26:03.403834: I Parameter neighbors set to 760
2022-12-05 17:26:03.403872: I Parameter similarity set to cosine
2022-12-05 17:26:03.403905: I Parameter implementation set to aiolli
2022-12-05 17:26:03.404126: I Parameter implicit set to False
2022-12-05 17:26:03.404208: I Parameter shrink set to 0
2022-12-05 17:26:03.404277: I Parameter normalize set to True
2022-12-05 17:26:03.404343: I Parameter asymmetric_alpha set to False
2022-12-05 17:26:03.404407: I Parameter tversky_alpha set to False
2022-12-05 17:26:03.404471: I Parameter tversky_beta set to False
2022-12-05 17:26:03.404534: I Parameter row_weights set to None
2022-12-05 17:26:09.301260: I Finished
2022-12-05 17:26:09.301440: I ******************************************
2022-12-05 17:26:09.307190: I Loading parameters
2022-12-05 17:26:09.307271: I Parameter neighbors set to 655
2022-12-05 17:26:09.307532: I Parameter similarity set to cosine
2022-12-05 17:26:09.307641: I Parameter implementation set to aiolli
2022-12-05 17:26:09.307713: I Parameter implicit set to False
2022-12-05 17:26:09.307850: I Parameter shrink set to 0
2022-12-05 17:26:09.307922: I Parameter normalize set to True
2022-12-05 17:26:09.308006: I Parameter asymmetric_alpha set to False
2022-12-05 17:26:09.308074: I Parameter tversky_alpha set to False
2022-12-05 17:26:09.308140: I Parameter tversky_beta set to False
2022-12-05 17:26:09.308207: I Parameter row_weights set to None
2022-12-05 17:26:15.215716: I Finished
2022-12-05 17:26:15.215896: I ******************************************
2022-12-05 17:26:15.222033: I Loading parameters
2022-12-05 17:26:15.222199: I Parameter neighbors set to 589
2022-12-05 17:26:15.222252: I Parameter similarity set to cosine
2022-12-05 17:26:15.222291: I Parameter implementation set to aiolli
2022-12-05 17:26:15.222327: I Parameter implicit set to False
2022-12-05 17:26:15.222529: I Parameter shrink set to 0
2022-12-05 17:26:15.222612: I Parameter normalize set to True
2022-12-05 17:26:15.222681: I Parameter asymmetric_alpha set to False
2022-12-05 17:26:15.222749: I Parameter tversky_alpha set to False
2022-12-05 17:26:15.222815: I Parameter tversky_beta set to False
2022-12-05 17:26:15.222878: I Parameter row_weights set to None
2022-12-05 17:26:21.116089: I Finished
2022-12-05 17:26:21.116371: I ******************************************
2022-12-05 17:26:21.122873: I Loading parameters
2022-12-05 17:26:21.123010: I Parameter neighbors set to 959
2022-12-05 17:26:21.123070: I Parameter similarity set to cosine
2022-12-05 17:26:21.123108: I Parameter implementation set to aiolli
2022-12-05 17:26:21.123194: I Parameter implicit set to False
2022-12-05 17:26:21.123272: I Parameter shrink set to 0
2022-12-05 17:26:21.123326: I Parameter normalize set to True
2022-12-05 17:26:21.123392: I Parameter asymmetric_alpha set to False
2022-12-05 17:26:21.123456: I Parameter tversky_alpha set to False
2022-12-05 17:26:21.123519: I Parameter tversky_beta set to False
2022-12-05 17:26:21.123582: I Parameter row_weights set to None
2022-12-05 17:26:27.088648: I Finished
2022-12-05 17:26:27.088842: I ******************************************
