2022-12-05 18:16:57.838629: I Loading parameters
2022-12-05 18:16:57.838688: I Parameter neighbors set to 16
2022-12-05 18:16:57.838726: I Parameter similarity set to cosine
2022-12-05 18:16:57.838758: I Parameter implementation set to aiolli
2022-12-05 18:16:57.838791: I Parameter implicit set to False
2022-12-05 18:16:57.838822: I Parameter shrink set to 0
2022-12-05 18:16:57.838913: I Parameter normalize set to True
2022-12-05 18:16:57.838982: I Parameter asymmetric_alpha set to False
2022-12-05 18:16:57.839066: I Parameter tversky_alpha set to False
2022-12-05 18:16:57.839143: I Parameter tversky_beta set to False
2022-12-05 18:16:57.839207: I Parameter row_weights set to None
2022-12-05 18:17:03.705935: I Finished
2022-12-05 18:17:03.706119: I ******************************************
2022-12-05 18:17:03.711766: I Loading parameters
2022-12-05 18:17:03.711838: I Parameter neighbors set to 15
2022-12-05 18:17:03.711873: I Parameter similarity set to cosine
2022-12-05 18:17:03.712096: I Parameter implementation set to aiolli
2022-12-05 18:17:03.712176: I Parameter implicit set to False
2022-12-05 18:17:03.712245: I Parameter shrink set to 0
2022-12-05 18:17:03.712310: I Parameter normalize set to True
2022-12-05 18:17:03.712374: I Parameter asymmetric_alpha set to False
2022-12-05 18:17:03.712436: I Parameter tversky_alpha set to False
2022-12-05 18:17:03.712498: I Parameter tversky_beta set to False
2022-12-05 18:17:03.712560: I Parameter row_weights set to None
2022-12-05 18:17:09.633597: I Finished
2022-12-05 18:17:09.633769: I ******************************************
2022-12-05 18:17:09.639762: I Loading parameters
2022-12-05 18:17:09.639889: I Parameter neighbors set to 25
2022-12-05 18:17:09.639967: I Parameter similarity set to cosine
2022-12-05 18:17:09.640058: I Parameter implementation set to aiolli
2022-12-05 18:17:09.640146: I Parameter implicit set to False
2022-12-05 18:17:09.640233: I Parameter shrink set to 0
2022-12-05 18:17:09.640320: I Parameter normalize set to True
2022-12-05 18:17:09.640406: I Parameter asymmetric_alpha set to False
2022-12-05 18:17:09.640492: I Parameter tversky_alpha set to False
2022-12-05 18:17:09.640578: I Parameter tversky_beta set to False
2022-12-05 18:17:09.640664: I Parameter row_weights set to None
2022-12-05 18:17:15.519584: I Finished
2022-12-05 18:17:15.519915: I ******************************************
2022-12-05 18:17:15.526816: I Loading parameters
2022-12-05 18:17:15.526884: I Parameter neighbors set to 16
2022-12-05 18:17:15.526921: I Parameter similarity set to cosine
2022-12-05 18:17:15.526954: I Parameter implementation set to aiolli
2022-12-05 18:17:15.527073: I Parameter implicit set to False
2022-12-05 18:17:15.527150: I Parameter shrink set to 0
2022-12-05 18:17:15.527219: I Parameter normalize set to True
2022-12-05 18:17:15.527284: I Parameter asymmetric_alpha set to False
2022-12-05 18:17:15.527348: I Parameter tversky_alpha set to False
2022-12-05 18:17:15.527412: I Parameter tversky_beta set to False
2022-12-05 18:17:15.527475: I Parameter row_weights set to None
2022-12-05 18:17:21.482305: I Finished
2022-12-05 18:17:21.482414: I ******************************************
2022-12-05 18:17:21.490475: I Loading parameters
2022-12-05 18:17:21.490635: I Parameter neighbors set to 25
2022-12-05 18:17:21.490782: I Parameter similarity set to cosine
2022-12-05 18:17:21.490859: I Parameter implementation set to aiolli
2022-12-05 18:17:21.490928: I Parameter implicit set to False
2022-12-05 18:17:21.490993: I Parameter shrink set to 0
2022-12-05 18:17:21.491107: I Parameter normalize set to True
2022-12-05 18:17:21.491175: I Parameter asymmetric_alpha set to False
2022-12-05 18:17:21.491239: I Parameter tversky_alpha set to False
2022-12-05 18:17:21.491301: I Parameter tversky_beta set to False
2022-12-05 18:17:21.491366: I Parameter row_weights set to None
2022-12-05 18:17:27.839594: I Finished
2022-12-05 18:17:27.839830: I ******************************************
2022-12-05 18:17:27.847463: I Loading parameters
2022-12-05 18:17:27.847656: I Parameter neighbors set to 24
2022-12-05 18:17:27.847808: I Parameter similarity set to cosine
2022-12-05 18:17:27.847865: I Parameter implementation set to aiolli
2022-12-05 18:17:27.847990: I Parameter implicit set to False
2022-12-05 18:17:27.848076: I Parameter shrink set to 0
2022-12-05 18:17:27.848149: I Parameter normalize set to True
2022-12-05 18:17:27.848222: I Parameter asymmetric_alpha set to False
2022-12-05 18:17:27.848308: I Parameter tversky_alpha set to False
2022-12-05 18:17:27.848380: I Parameter tversky_beta set to False
2022-12-05 18:17:27.848450: I Parameter row_weights set to None
2022-12-05 18:17:33.964345: I Finished
2022-12-05 18:17:33.964542: I ******************************************
2022-12-05 18:17:33.973786: I Loading parameters
2022-12-05 18:17:33.973856: I Parameter neighbors set to 23
2022-12-05 18:17:33.973898: I Parameter similarity set to cosine
2022-12-05 18:17:33.973934: I Parameter implementation set to aiolli
2022-12-05 18:17:33.973970: I Parameter implicit set to False
2022-12-05 18:17:33.974190: I Parameter shrink set to 0
2022-12-05 18:17:33.974271: I Parameter normalize set to True
2022-12-05 18:17:33.974352: I Parameter asymmetric_alpha set to False
2022-12-05 18:17:33.974429: I Parameter tversky_alpha set to False
2022-12-05 18:17:33.974495: I Parameter tversky_beta set to False
2022-12-05 18:17:33.974561: I Parameter row_weights set to None
2022-12-05 18:17:40.390475: I Finished
2022-12-05 18:17:40.390649: I ******************************************
2022-12-05 18:17:40.398060: I Loading parameters
2022-12-05 18:17:40.398214: I Parameter neighbors set to 20
2022-12-05 18:17:40.398258: I Parameter similarity set to cosine
2022-12-05 18:17:40.398307: I Parameter implementation set to aiolli
2022-12-05 18:17:40.398340: I Parameter implicit set to False
2022-12-05 18:17:40.398372: I Parameter shrink set to 0
2022-12-05 18:17:40.398404: I Parameter normalize set to True
2022-12-05 18:17:40.398435: I Parameter asymmetric_alpha set to False
2022-12-05 18:17:40.398567: I Parameter tversky_alpha set to False
2022-12-05 18:17:40.398642: I Parameter tversky_beta set to False
2022-12-05 18:17:40.398708: I Parameter row_weights set to None
2022-12-05 18:17:46.570820: I Finished
2022-12-05 18:17:46.571002: I ******************************************
2022-12-05 18:17:46.578813: I Loading parameters
2022-12-05 18:17:46.578884: I Parameter neighbors set to 18
2022-12-05 18:17:46.578924: I Parameter similarity set to cosine
2022-12-05 18:17:46.578960: I Parameter implementation set to aiolli
2022-12-05 18:17:46.579080: I Parameter implicit set to False
2022-12-05 18:17:46.579164: I Parameter shrink set to 0
2022-12-05 18:17:46.579230: I Parameter normalize set to True
2022-12-05 18:17:46.579293: I Parameter asymmetric_alpha set to False
2022-12-05 18:17:46.579356: I Parameter tversky_alpha set to False
2022-12-05 18:17:46.579419: I Parameter tversky_beta set to False
2022-12-05 18:17:46.579481: I Parameter row_weights set to None
2022-12-05 18:17:52.513251: I Finished
2022-12-05 18:17:52.513444: I ******************************************
2022-12-05 18:17:52.521008: I Loading parameters
2022-12-05 18:17:52.521077: I Parameter neighbors set to 28
2022-12-05 18:17:52.521116: I Parameter similarity set to cosine
2022-12-05 18:17:52.521151: I Parameter implementation set to aiolli
2022-12-05 18:17:52.521185: I Parameter implicit set to False
2022-12-05 18:17:52.521407: I Parameter shrink set to 0
2022-12-05 18:17:52.521489: I Parameter normalize set to True
2022-12-05 18:17:52.521558: I Parameter asymmetric_alpha set to False
2022-12-05 18:17:52.521625: I Parameter tversky_alpha set to False
2022-12-05 18:17:52.521689: I Parameter tversky_beta set to False
2022-12-05 18:17:52.521753: I Parameter row_weights set to None
2022-12-05 18:17:58.702644: I Finished
2022-12-05 18:17:58.702860: I ******************************************
