2022-12-05 16:04:54.473480: I Loading parameters
2022-12-05 16:04:54.473539: I Parameter neighbors set to 509
2022-12-05 16:04:54.473689: I Parameter similarity set to cosine
2022-12-05 16:04:54.473724: I Parameter implementation set to aiolli
2022-12-05 16:04:54.473757: I Parameter implicit set to False
2022-12-05 16:04:54.473787: I Parameter shrink set to 0
2022-12-05 16:04:54.473858: I Parameter normalize set to True
2022-12-05 16:04:54.473913: I Parameter asymmetric_alpha set to False
2022-12-05 16:04:54.473982: I Parameter tversky_alpha set to False
2022-12-05 16:04:54.474047: I Parameter tversky_beta set to False
2022-12-05 16:04:54.474111: I Parameter row_weights set to None
2022-12-05 16:05:00.823577: I Finished
2022-12-05 16:05:00.823682: I ******************************************
2022-12-05 16:05:00.829212: I Loading parameters
2022-12-05 16:05:00.829667: I Parameter neighbors set to 469
2022-12-05 16:05:00.829742: I Parameter similarity set to cosine
2022-12-05 16:05:00.829789: I Parameter implementation set to aiolli
2022-12-05 16:05:00.829868: I Parameter implicit set to False
2022-12-05 16:05:00.829927: I Parameter shrink set to 0
2022-12-05 16:05:00.830032: I Parameter normalize set to True
2022-12-05 16:05:00.830114: I Parameter asymmetric_alpha set to False
2022-12-05 16:05:00.830183: I Parameter tversky_alpha set to False
2022-12-05 16:05:00.830251: I Parameter tversky_beta set to False
2022-12-05 16:05:00.830318: I Parameter row_weights set to None
2022-12-05 16:05:07.143477: I Finished
2022-12-05 16:05:07.143589: I ******************************************
2022-12-05 16:05:07.150517: I Loading parameters
2022-12-05 16:05:07.150593: I Parameter neighbors set to 853
2022-12-05 16:05:07.150629: I Parameter similarity set to cosine
2022-12-05 16:05:07.150662: I Parameter implementation set to aiolli
2022-12-05 16:05:07.150766: I Parameter implicit set to False
2022-12-05 16:05:07.150855: I Parameter shrink set to 0
2022-12-05 16:05:07.150928: I Parameter normalize set to True
2022-12-05 16:05:07.151009: I Parameter asymmetric_alpha set to False
2022-12-05 16:05:07.151116: I Parameter tversky_alpha set to False
2022-12-05 16:05:07.151159: I Parameter tversky_beta set to False
2022-12-05 16:05:07.151188: I Parameter row_weights set to None
2022-12-05 16:05:13.794195: I Finished
2022-12-05 16:05:13.794611: I ******************************************
2022-12-05 16:05:13.801244: I Loading parameters
2022-12-05 16:05:13.801325: I Parameter neighbors set to 500
2022-12-05 16:05:13.801364: I Parameter similarity set to cosine
2022-12-05 16:05:13.801399: I Parameter implementation set to aiolli
2022-12-05 16:05:13.801433: I Parameter implicit set to False
2022-12-05 16:05:13.801465: I Parameter shrink set to 0
2022-12-05 16:05:13.801496: I Parameter normalize set to True
2022-12-05 16:05:13.801593: I Parameter asymmetric_alpha set to False
2022-12-05 16:05:13.801649: I Parameter tversky_alpha set to False
2022-12-05 16:05:13.801720: I Parameter tversky_beta set to False
2022-12-05 16:05:13.801786: I Parameter row_weights set to None
2022-12-05 16:05:20.678025: I Finished
2022-12-05 16:05:20.678318: I ******************************************
2022-12-05 16:05:20.684038: I Loading parameters
2022-12-05 16:05:20.684126: I Parameter neighbors set to 831
2022-12-05 16:05:20.684166: I Parameter similarity set to cosine
2022-12-05 16:05:20.684199: I Parameter implementation set to aiolli
2022-12-05 16:05:20.684355: I Parameter implicit set to False
2022-12-05 16:05:20.684404: I Parameter shrink set to 0
2022-12-05 16:05:20.684438: I Parameter normalize set to True
2022-12-05 16:05:20.684468: I Parameter asymmetric_alpha set to False
2022-12-05 16:05:20.684497: I Parameter tversky_alpha set to False
2022-12-05 16:05:20.684525: I Parameter tversky_beta set to False
2022-12-05 16:05:20.684601: I Parameter row_weights set to None
2022-12-05 16:05:27.274302: I Finished
2022-12-05 16:05:27.275297: I ******************************************
2022-12-05 16:05:27.284513: I Loading parameters
2022-12-05 16:05:27.284657: I Parameter neighbors set to 819
2022-12-05 16:05:27.284913: I Parameter similarity set to cosine
2022-12-05 16:05:27.284996: I Parameter implementation set to aiolli
2022-12-05 16:05:27.285105: I Parameter implicit set to False
2022-12-05 16:05:27.285252: I Parameter shrink set to 0
2022-12-05 16:05:27.285327: I Parameter normalize set to True
2022-12-05 16:05:27.285414: I Parameter asymmetric_alpha set to False
2022-12-05 16:05:27.285492: I Parameter tversky_alpha set to False
2022-12-05 16:05:27.285542: I Parameter tversky_beta set to False
2022-12-05 16:05:27.285618: I Parameter row_weights set to None
2022-12-05 16:05:34.405095: I Finished
2022-12-05 16:05:34.405582: I ******************************************
2022-12-05 16:05:34.414464: I Loading parameters
2022-12-05 16:05:34.414539: I Parameter neighbors set to 760
2022-12-05 16:05:34.414577: I Parameter similarity set to cosine
2022-12-05 16:05:34.414612: I Parameter implementation set to aiolli
2022-12-05 16:05:34.414691: I Parameter implicit set to False
2022-12-05 16:05:34.414783: I Parameter shrink set to 0
2022-12-05 16:05:34.414853: I Parameter normalize set to True
2022-12-05 16:05:34.414920: I Parameter asymmetric_alpha set to False
2022-12-05 16:05:34.414985: I Parameter tversky_alpha set to False
2022-12-05 16:05:34.415118: I Parameter tversky_beta set to False
2022-12-05 16:05:34.415194: I Parameter row_weights set to None
2022-12-05 16:05:40.815048: I Finished
2022-12-05 16:05:40.815199: I ******************************************
2022-12-05 16:05:40.822968: I Loading parameters
2022-12-05 16:05:40.823109: I Parameter neighbors set to 655
2022-12-05 16:05:40.823195: I Parameter similarity set to cosine
2022-12-05 16:05:40.823298: I Parameter implementation set to aiolli
2022-12-05 16:05:40.823398: I Parameter implicit set to False
2022-12-05 16:05:40.823488: I Parameter shrink set to 0
2022-12-05 16:05:40.823576: I Parameter normalize set to True
2022-12-05 16:05:40.823664: I Parameter asymmetric_alpha set to False
2022-12-05 16:05:40.823752: I Parameter tversky_alpha set to False
2022-12-05 16:05:40.823840: I Parameter tversky_beta set to False
2022-12-05 16:05:40.823928: I Parameter row_weights set to None
2022-12-05 16:05:47.088782: I Finished
2022-12-05 16:05:47.088929: I ******************************************
2022-12-05 16:05:47.096576: I Loading parameters
2022-12-05 16:05:47.096729: I Parameter neighbors set to 589
2022-12-05 16:05:47.096835: I Parameter similarity set to cosine
2022-12-05 16:05:47.096939: I Parameter implementation set to aiolli
2022-12-05 16:05:47.097029: I Parameter implicit set to False
2022-12-05 16:05:47.097117: I Parameter shrink set to 0
2022-12-05 16:05:47.097205: I Parameter normalize set to True
2022-12-05 16:05:47.097292: I Parameter asymmetric_alpha set to False
2022-12-05 16:05:47.097379: I Parameter tversky_alpha set to False
2022-12-05 16:05:47.097465: I Parameter tversky_beta set to False
2022-12-05 16:05:47.097551: I Parameter row_weights set to None
2022-12-05 16:05:53.367214: I Finished
2022-12-05 16:05:53.367363: I ******************************************
2022-12-05 16:05:53.373393: I Loading parameters
2022-12-05 16:05:53.373546: I Parameter neighbors set to 959
2022-12-05 16:05:53.373655: I Parameter similarity set to cosine
2022-12-05 16:05:53.373759: I Parameter implementation set to aiolli
2022-12-05 16:05:53.373848: I Parameter implicit set to False
2022-12-05 16:05:53.373935: I Parameter shrink set to 0
2022-12-05 16:05:53.374029: I Parameter normalize set to True
2022-12-05 16:05:53.374066: I Parameter asymmetric_alpha set to False
2022-12-05 16:05:53.374098: I Parameter tversky_alpha set to False
2022-12-05 16:05:53.374128: I Parameter tversky_beta set to False
2022-12-05 16:05:53.374158: I Parameter row_weights set to None
2022-12-05 16:05:59.972123: I Finished
2022-12-05 16:05:59.972391: I ******************************************
