2022-12-05 16:45:59.111957: I Loading parameters
2022-12-05 16:45:59.112081: I Parameter neighbors set to 509
2022-12-05 16:45:59.112178: I Parameter similarity set to cosine
2022-12-05 16:45:59.112270: I Parameter implementation set to aiolli
2022-12-05 16:45:59.112361: I Parameter implicit set to False
2022-12-05 16:45:59.112450: I Parameter shrink set to 0
2022-12-05 16:45:59.112540: I Parameter normalize set to True
2022-12-05 16:45:59.112629: I Parameter asymmetric_alpha set to False
2022-12-05 16:45:59.112717: I Parameter tversky_alpha set to False
2022-12-05 16:45:59.112805: I Parameter tversky_beta set to False
2022-12-05 16:45:59.112893: I Parameter row_weights set to None
2022-12-05 16:46:04.839280: I Finished
2022-12-05 16:46:04.839436: I ******************************************
2022-12-05 16:46:04.845960: I Loading parameters
2022-12-05 16:46:04.846082: I Parameter neighbors set to 469
2022-12-05 16:46:04.846162: I Parameter similarity set to cosine
2022-12-05 16:46:04.846260: I Parameter implementation set to aiolli
2022-12-05 16:46:04.846360: I Parameter implicit set to False
2022-12-05 16:46:04.846448: I Parameter shrink set to 0
2022-12-05 16:46:04.846535: I Parameter normalize set to True
2022-12-05 16:46:04.846621: I Parameter asymmetric_alpha set to False
2022-12-05 16:46:04.846708: I Parameter tversky_alpha set to False
2022-12-05 16:46:04.846793: I Parameter tversky_beta set to False
2022-12-05 16:46:04.846879: I Parameter row_weights set to None
2022-12-05 16:46:10.693147: I Finished
2022-12-05 16:46:10.693355: I ******************************************
2022-12-05 16:46:10.700449: I Loading parameters
2022-12-05 16:46:10.700710: I Parameter neighbors set to 853
2022-12-05 16:46:10.700789: I Parameter similarity set to cosine
2022-12-05 16:46:10.700864: I Parameter implementation set to aiolli
2022-12-05 16:46:10.700930: I Parameter implicit set to False
2022-12-05 16:46:10.701002: I Parameter shrink set to 0
2022-12-05 16:46:10.701065: I Parameter normalize set to True
2022-12-05 16:46:10.701134: I Parameter asymmetric_alpha set to False
2022-12-05 16:46:10.701198: I Parameter tversky_alpha set to False
2022-12-05 16:46:10.701268: I Parameter tversky_beta set to False
2022-12-05 16:46:10.701329: I Parameter row_weights set to None
2022-12-05 16:46:16.541870: I Finished
2022-12-05 16:46:16.542077: I ******************************************
2022-12-05 16:46:16.549016: I Loading parameters
2022-12-05 16:46:16.549081: I Parameter neighbors set to 500
2022-12-05 16:46:16.549118: I Parameter similarity set to cosine
2022-12-05 16:46:16.549150: I Parameter implementation set to aiolli
2022-12-05 16:46:16.549182: I Parameter implicit set to False
2022-12-05 16:46:16.549384: I Parameter shrink set to 0
2022-12-05 16:46:16.549467: I Parameter normalize set to True
2022-12-05 16:46:16.549534: I Parameter asymmetric_alpha set to False
2022-12-05 16:46:16.549606: I Parameter tversky_alpha set to False
2022-12-05 16:46:16.549660: I Parameter tversky_beta set to False
2022-12-05 16:46:16.549726: I Parameter row_weights set to None
2022-12-05 16:46:22.378398: I Finished
2022-12-05 16:46:22.378759: I ******************************************
2022-12-05 16:46:22.385599: I Loading parameters
2022-12-05 16:46:22.385725: I Parameter neighbors set to 831
2022-12-05 16:46:22.385764: I Parameter similarity set to cosine
2022-12-05 16:46:22.385797: I Parameter implementation set to aiolli
2022-12-05 16:46:22.385828: I Parameter implicit set to False
2022-12-05 16:46:22.385900: I Parameter shrink set to 0
2022-12-05 16:46:22.385957: I Parameter normalize set to True
2022-12-05 16:46:22.386025: I Parameter asymmetric_alpha set to False
2022-12-05 16:46:22.386089: I Parameter tversky_alpha set to False
2022-12-05 16:46:22.386152: I Parameter tversky_beta set to False
2022-12-05 16:46:22.386216: I Parameter row_weights set to None
2022-12-05 16:46:28.238414: I Finished
2022-12-05 16:46:28.238607: I ******************************************
2022-12-05 16:46:28.245459: I Loading parameters
2022-12-05 16:46:28.245607: I Parameter neighbors set to 819
2022-12-05 16:46:28.245672: I Parameter similarity set to cosine
2022-12-05 16:46:28.245712: I Parameter implementation set to aiolli
2022-12-05 16:46:28.245910: I Parameter implicit set to False
2022-12-05 16:46:28.245990: I Parameter shrink set to 0
2022-12-05 16:46:28.246059: I Parameter normalize set to True
2022-12-05 16:46:28.246125: I Parameter asymmetric_alpha set to False
2022-12-05 16:46:28.246190: I Parameter tversky_alpha set to False
2022-12-05 16:46:28.246254: I Parameter tversky_beta set to False
2022-12-05 16:46:28.246317: I Parameter row_weights set to None
2022-12-05 16:46:34.184193: I Finished
2022-12-05 16:46:34.184521: I ******************************************
2022-12-05 16:46:34.190873: I Loading parameters
2022-12-05 16:46:34.190943: I Parameter neighbors set to 760
2022-12-05 16:46:34.190983: I Parameter similarity set to cosine
2022-12-05 16:46:34.191078: I Parameter implementation set to aiolli
2022-12-05 16:46:34.191145: I Parameter implicit set to False
2022-12-05 16:46:34.191228: I Parameter shrink set to 0
2022-12-05 16:46:34.191294: I Parameter normalize set to True
2022-12-05 16:46:34.191358: I Parameter asymmetric_alpha set to False
2022-12-05 16:46:34.191421: I Parameter tversky_alpha set to False
2022-12-05 16:46:34.191483: I Parameter tversky_beta set to False
2022-12-05 16:46:34.191545: I Parameter row_weights set to None
2022-12-05 16:46:40.127465: I Finished
2022-12-05 16:46:40.127665: I ******************************************
2022-12-05 16:46:40.134596: I Loading parameters
2022-12-05 16:46:40.134738: I Parameter neighbors set to 655
2022-12-05 16:46:40.134782: I Parameter similarity set to cosine
2022-12-05 16:46:40.134817: I Parameter implementation set to aiolli
2022-12-05 16:46:40.134852: I Parameter implicit set to False
2022-12-05 16:46:40.134979: I Parameter shrink set to 0
2022-12-05 16:46:40.135129: I Parameter normalize set to True
2022-12-05 16:46:40.135205: I Parameter asymmetric_alpha set to False
2022-12-05 16:46:40.135269: I Parameter tversky_alpha set to False
2022-12-05 16:46:40.135331: I Parameter tversky_beta set to False
2022-12-05 16:46:40.135393: I Parameter row_weights set to None
2022-12-05 16:46:46.052002: I Finished
2022-12-05 16:46:46.052215: I ******************************************
2022-12-05 16:46:46.059203: I Loading parameters
2022-12-05 16:46:46.059275: I Parameter neighbors set to 589
2022-12-05 16:46:46.059316: I Parameter similarity set to cosine
2022-12-05 16:46:46.059351: I Parameter implementation set to aiolli
2022-12-05 16:46:46.059386: I Parameter implicit set to False
2022-12-05 16:46:46.059419: I Parameter shrink set to 0
2022-12-05 16:46:46.059452: I Parameter normalize set to True
2022-12-05 16:46:46.059483: I Parameter asymmetric_alpha set to False
2022-12-05 16:46:46.059674: I Parameter tversky_alpha set to False
2022-12-05 16:46:46.059756: I Parameter tversky_beta set to False
2022-12-05 16:46:46.059838: I Parameter row_weights set to None
2022-12-05 16:46:51.955327: I Finished
2022-12-05 16:46:51.955654: I ******************************************
2022-12-05 16:46:51.962815: I Loading parameters
2022-12-05 16:46:51.962932: I Parameter neighbors set to 959
2022-12-05 16:46:51.962974: I Parameter similarity set to cosine
2022-12-05 16:46:51.963053: I Parameter implementation set to aiolli
2022-12-05 16:46:51.963093: I Parameter implicit set to False
2022-12-05 16:46:51.963127: I Parameter shrink set to 0
2022-12-05 16:46:51.963160: I Parameter normalize set to True
2022-12-05 16:46:51.963240: I Parameter asymmetric_alpha set to False
2022-12-05 16:46:51.963295: I Parameter tversky_alpha set to False
2022-12-05 16:46:51.963362: I Parameter tversky_beta set to False
2022-12-05 16:46:51.963426: I Parameter row_weights set to None
2022-12-05 16:46:57.875573: I Finished
2022-12-05 16:46:57.875896: I ******************************************
