2022-12-05 18:19:04.564590: I Loading parameters
2022-12-05 18:19:04.564800: I Parameter neighborhood set to 297
2022-12-05 18:19:04.564911: I Parameter alpha set to 1.7069432971491505
2022-12-05 18:19:04.564979: I Parameter beta set to 0.26988715996218327
2022-12-05 18:19:04.565039: I Parameter normalize_similarity set to False
2022-12-05 18:19:11.764689: I Finished
2022-12-05 18:19:11.764901: I ******************************************
2022-12-05 18:19:11.780251: I Loading parameters
2022-12-05 18:19:11.780361: I Parameter neighborhood set to 634
2022-12-05 18:19:11.780401: I Parameter alpha set to 0.1791716532540264
2022-12-05 18:19:11.780436: I Parameter beta set to 0.4357040479768619
2022-12-05 18:19:11.780468: I Parameter normalize_similarity set to True
2022-12-05 18:19:18.638045: I Finished
2022-12-05 18:19:18.638229: I ******************************************
2022-12-05 18:19:18.654746: I Loading parameters
2022-12-05 18:19:18.654912: I Parameter neighborhood set to 167
2022-12-05 18:19:18.654988: I Parameter alpha set to 1.9253338532752182
2022-12-05 18:19:18.655066: I Parameter beta set to 1.3330328519531967
2022-12-05 18:19:18.655135: I Parameter normalize_similarity set to False
2022-12-05 18:19:25.292306: I Finished
2022-12-05 18:19:25.292502: I ******************************************
2022-12-05 18:19:25.309102: I Loading parameters
2022-12-05 18:19:25.309211: I Parameter neighborhood set to 725
2022-12-05 18:19:25.309285: I Parameter alpha set to 1.4369175847782412
2022-12-05 18:19:25.309360: I Parameter beta set to 0.08112216186242605
2022-12-05 18:19:25.309428: I Parameter normalize_similarity set to True
2022-12-05 18:19:33.196215: I Finished
2022-12-05 18:19:33.196453: I ******************************************
2022-12-05 18:19:33.216837: I Loading parameters
2022-12-05 18:19:33.217004: I Parameter neighborhood set to 179
2022-12-05 18:19:33.217105: I Parameter alpha set to 0.542341511609653
2022-12-05 18:19:33.217198: I Parameter beta set to 1.5165026804454838
2022-12-05 18:19:33.217288: I Parameter normalize_similarity set to False
2022-12-05 18:19:40.532546: I Finished
2022-12-05 18:19:40.532729: I ******************************************
2022-12-05 18:19:40.547844: I Loading parameters
2022-12-05 18:19:40.547951: I Parameter neighborhood set to 777
2022-12-05 18:19:40.548013: I Parameter alpha set to 0.4139652166267562
2022-12-05 18:19:40.548086: I Parameter beta set to 0.9702595900337772
2022-12-05 18:19:40.548153: I Parameter normalize_similarity set to True
2022-12-05 18:19:47.940040: I Finished
2022-12-05 18:19:47.940235: I ******************************************
2022-12-05 18:19:47.959515: I Loading parameters
2022-12-05 18:19:47.959660: I Parameter neighborhood set to 573
2022-12-05 18:19:47.959706: I Parameter alpha set to 0.5643805968422251
2022-12-05 18:19:47.959742: I Parameter beta set to 0.5111524357693684
2022-12-05 18:19:47.959811: I Parameter normalize_similarity set to True
2022-12-05 18:19:54.903746: I Finished
2022-12-05 18:19:54.903909: I ******************************************
2022-12-05 18:19:54.922239: I Loading parameters
2022-12-05 18:19:54.922396: I Parameter neighborhood set to 144
2022-12-05 18:19:54.922492: I Parameter alpha set to 0.8719344487538971
2022-12-05 18:19:54.922585: I Parameter beta set to 0.24836975394290328
2022-12-05 18:19:54.922673: I Parameter normalize_similarity set to True
2022-12-05 18:20:02.280002: I Finished
2022-12-05 18:20:02.280327: I ******************************************
2022-12-05 18:20:02.293986: I Loading parameters
2022-12-05 18:20:02.294110: I Parameter neighborhood set to 400
2022-12-05 18:20:02.294199: I Parameter alpha set to 1.29635336697628
2022-12-05 18:20:02.294266: I Parameter beta set to 1.1672439855189671
2022-12-05 18:20:02.294367: I Parameter normalize_similarity set to False
2022-12-05 18:20:09.328024: I Finished
2022-12-05 18:20:09.328184: I ******************************************
2022-12-05 18:20:09.345138: I Loading parameters
2022-12-05 18:20:09.345293: I Parameter neighborhood set to 701
2022-12-05 18:20:09.345388: I Parameter alpha set to 0.1501779006724322
2022-12-05 18:20:09.345483: I Parameter beta set to 0.47597598749661274
2022-12-05 18:20:09.345572: I Parameter normalize_similarity set to False
2022-12-05 18:20:16.500466: I Finished
2022-12-05 18:20:16.500660: I ******************************************
